<?xml version="1.0" encoding="UTF-8"?>
<testsuites name="Mocha Tests" time="10.790" tests="4" failures="2" skipped="1">
  <testsuite name="Root Suite" timestamp="2023-11-04T11:09:03" tests="0" file="cypress\e2e\spec.cy.js" time="0.000" failures="0">
  </testsuite>
  <testsuite name="template spec" timestamp="2023-11-04T11:09:03" tests="4" time="10.783" failures="2">
    <testcase name="template spec C9039 - test 1" time="0.000" classname="C9039 - test 1">
      <failure message="Timed out retrying after 4000ms: Expected to find element: `non existing element`, but never found it." type="AssertionError"><![CDATA[AssertionError: Timed out retrying after 4000ms: Expected to find element: `non existing element`, but never found it.
    at Context.eval (webpack://cypress-testrail-turbo-reporter/./cypress/e2e/spec.cy.js:7:7)]]></failure>
    </testcase>
    <testcase name="template spec C9099 - test 2" time="0.000" classname="C9099 - test 2">
      <failure message="Timed out retrying after 4000ms: Expected to find element: ``, but never found it." type="AssertionError"><![CDATA[AssertionError: Timed out retrying after 4000ms: Expected to find element: ``, but never found it.
    at Context.eval (webpack://cypress-testrail-turbo-reporter/./cypress/e2e/spec.cy.js:11:7)]]></failure>
    </testcase>
    <testcase name="template spec C9988 - test 3" time="0.138" classname="C9988 - test 3">
    </testcase>
  </testsuite>
</testsuites>